2014/02/14 17:57:03 [error] [exception.CHttpException.404] exception 'CHttpException' with message 'Unable to resolve the request "en".' in C:\webserver\be\framework\web\CWebApplication.php:286
Stack trace:
#0 C:\webserver\be\framework\web\CWebApplication.php(141): CWebApplication->runController('en')
#1 C:\webserver\be\framework\base\CApplication.php(180): CWebApplication->processRequest()
#2 C:\webserver\be\index.php(13): CApplication->run()
#3 {main}
REQUEST_URI=/index.php?r=en
---
2014/02/14 19:07:08 [error] [exception.CException] exception 'CException' with message 'Alias "bootstrap.components.TbApi" is invalid. Make sure it points to an existing directory or file.' in C:\webserver\be\framework\YiiBase.php:347
Stack trace:
#0 C:\webserver\be\framework\YiiBase.php(196): YiiBase::import('bootstrap.compo...', true)
#1 C:\webserver\be\framework\base\CModule.php(386): YiiBase::createComponent(Array)
#2 C:\webserver\be\framework\base\CModule.php(103): CModule->getComponent('bootstrap')
#3 C:\webserver\be\protected\views\layouts\main.php(5): CModule->__get('bootstrap')
#4 C:\webserver\be\framework\web\CBaseController.php(126): require('C:\webserver\be...')
#5 C:\webserver\be\framework\web\CBaseController.php(95): CBaseController->renderInternal('C:\webserver\be...', Array, true)
#6 C:\webserver\be\framework\web\widgets\CContentDecorator.php(76): CBaseController->renderFile('C:\webserver\be...', Array, true)
#7 C:\webserver\be\framework\web\widgets\CContentDecorator.php(54): CContentDecorator->decorate('<div id="conten...')
#8 C:\webserver\be\framework\web\widgets\COutputProcessor.php(44): CContentDecorator->processOutput('<div id="conten...')
#9 C:\webserver\be\framework\web\CBaseController.php(206): COutputProcessor->run()
#10 C:\webserver\be\framework\web\CBaseController.php(300): CBaseController->endWidget('CContentDecorat...')
#11 C:\webserver\be\protected\views\layouts\column1.php(6): CBaseController->endContent()
#12 C:\webserver\be\framework\web\CBaseController.php(126): require('C:\webserver\be...')
#13 C:\webserver\be\framework\web\CBaseController.php(95): CBaseController->renderInternal('C:\webserver\be...', Array, true)
#14 C:\webserver\be\framework\web\CController.php(784): CBaseController->renderFile('C:\webserver\be...', Array, true)
#15 C:\webserver\be\protected\controllers\SiteController.php(32): CController->render('index')
#16 C:\webserver\be\framework\web\actions\CInlineAction.php(49): SiteController->actionIndex()
#17 C:\webserver\be\framework\web\CController.php(308): CInlineAction->runWithParams(Array)
#18 C:\webserver\be\framework\web\CController.php(286): CController->runAction(Object(CInlineAction))
#19 C:\webserver\be\framework\web\CController.php(265): CController->runActionWithFilters(Object(CInlineAction), Array)
#20 C:\webserver\be\framework\web\CWebApplication.php(282): CController->run('index')
#21 C:\webserver\be\framework\web\CWebApplication.php(141): CWebApplication->runController('site/index')
#22 C:\webserver\be\framework\base\CApplication.php(180): CWebApplication->processRequest()
#23 C:\webserver\be\index.php(13): CApplication->run()
#24 {main}
REQUEST_URI=/index.php?r=site/index
HTTP_REFERER=http://be.local/index.php?r=en
---
2014/02/15 10:25:33 [error] [exception.CException] exception 'CException' with message 'DefaultController cannot find the requested view "layouts/index".' in C:\webserver\be\framework\web\CController.php:878
Stack trace:
#0 C:\webserver\be\framework\web\CController.php(782): CController->renderPartial('layouts/index', NULL, true)
#1 C:\webserver\be\protected\modules\en\controllers\DefaultController.php(7): CController->render('layouts/index')
#2 C:\webserver\be\framework\web\actions\CInlineAction.php(49): DefaultController->actionIndex()
#3 C:\webserver\be\framework\web\CController.php(308): CInlineAction->runWithParams(Array)
#4 C:\webserver\be\framework\web\CController.php(286): CController->runAction(Object(CInlineAction))
#5 C:\webserver\be\framework\web\CController.php(265): CController->runActionWithFilters(Object(CInlineAction), Array)
#6 C:\webserver\be\framework\web\CWebApplication.php(282): CController->run('')
#7 C:\webserver\be\framework\web\CWebApplication.php(141): CWebApplication->runController('en')
#8 C:\webserver\be\framework\base\CApplication.php(180): CWebApplication->processRequest()
#9 C:\webserver\be\index.php(13): CApplication->run()
#10 {main}
REQUEST_URI=/index.php?r=en
---
2014/02/15 10:26:33 [error] [exception.CException] exception 'CException' with message 'DefaultController cannot find the requested view "layouts/index".' in C:\webserver\be\framework\web\CController.php:878
Stack trace:
#0 C:\webserver\be\framework\web\CController.php(782): CController->renderPartial('layouts/index', NULL, true)
#1 C:\webserver\be\protected\modules\en\controllers\DefaultController.php(7): CController->render('layouts/index')
#2 C:\webserver\be\framework\web\actions\CInlineAction.php(49): DefaultController->actionIndex()
#3 C:\webserver\be\framework\web\CController.php(308): CInlineAction->runWithParams(Array)
#4 C:\webserver\be\framework\web\CController.php(286): CController->runAction(Object(CInlineAction))
#5 C:\webserver\be\framework\web\CController.php(265): CController->runActionWithFilters(Object(CInlineAction), Array)
#6 C:\webserver\be\framework\web\CWebApplication.php(282): CController->run('')
#7 C:\webserver\be\framework\web\CWebApplication.php(141): CWebApplication->runController('en')
#8 C:\webserver\be\framework\base\CApplication.php(180): CWebApplication->processRequest()
#9 C:\webserver\be\index.php(13): CApplication->run()
#10 {main}
REQUEST_URI=/index.php?r=en
---
2014/02/15 10:39:43 [error] [exception.CHttpException.404] exception 'CHttpException' with message 'Unable to resolve the request "en".' in C:\webserver\be\framework\web\CWebApplication.php:286
Stack trace:
#0 C:\webserver\be\framework\web\CWebApplication.php(141): CWebApplication->runController('en')
#1 C:\webserver\be\framework\base\CApplication.php(180): CWebApplication->processRequest()
#2 C:\webserver\be\index.php(13): CApplication->run()
#3 {main}
REQUEST_URI=/index.php?r=en
---
2014/02/15 10:40:34 [error] [exception.CException] exception 'CException' with message 'HomeController cannot find the requested view "index".' in C:\webserver\be\framework\web\CController.php:878
Stack trace:
#0 C:\webserver\be\framework\web\CController.php(782): CController->renderPartial('index', NULL, true)
#1 C:\webserver\be\protected\modules\en\controllers\HomeController.php(7): CController->render('index')
#2 C:\webserver\be\framework\web\actions\CInlineAction.php(49): HomeController->actionIndex()
#3 C:\webserver\be\framework\web\CController.php(308): CInlineAction->runWithParams(Array)
#4 C:\webserver\be\framework\web\CController.php(286): CController->runAction(Object(CInlineAction))
#5 C:\webserver\be\framework\web\CController.php(265): CController->runActionWithFilters(Object(CInlineAction), Array)
#6 C:\webserver\be\framework\web\CWebApplication.php(282): CController->run('')
#7 C:\webserver\be\framework\web\CWebApplication.php(141): CWebApplication->runController('en')
#8 C:\webserver\be\framework\base\CApplication.php(180): CWebApplication->processRequest()
#9 C:\webserver\be\index.php(13): CApplication->run()
#10 {main}
REQUEST_URI=/index.php?r=en
---
2014/02/15 11:16:36 [error] [php] include(TbHtml.php): failed to open stream: No such file or directory (C:\webserver\be\framework\YiiBase.php:427)
Stack trace:
#0 C:\webserver\be\protected\modules\en\views\layouts\column1.php(6): spl_autoload_call()
#1 C:\webserver\be\framework\web\CBaseController.php(126): require()
#2 C:\webserver\be\framework\web\CBaseController.php(95): HomeController->renderInternal()
#3 C:\webserver\be\framework\web\CController.php(784): HomeController->renderFile()
#4 C:\webserver\be\protected\modules\en\controllers\HomeController.php(7): HomeController->render()
#5 C:\webserver\be\framework\web\actions\CInlineAction.php(49): HomeController->actionIndex()
#6 C:\webserver\be\framework\web\CController.php(308): CInlineAction->runWithParams()
#7 C:\webserver\be\framework\web\CController.php(286): HomeController->runAction()
#8 C:\webserver\be\framework\web\CController.php(265): HomeController->runActionWithFilters()
#9 C:\webserver\be\framework\web\CWebApplication.php(282): HomeController->run()
#10 C:\webserver\be\framework\web\CWebApplication.php(141): CWebApplication->runController()
#11 C:\webserver\be\framework\base\CApplication.php(180): CWebApplication->processRequest()
#12 C:\webserver\be\index.php(13): CWebApplication->run()
REQUEST_URI=/index.php?r=en
in C:\webserver\be\protected\modules\en\views\layouts\column1.php (6)
in C:\webserver\be\protected\modules\en\controllers\HomeController.php (7)
in C:\webserver\be\index.php (13)
2014/02/15 11:28:36 [error] [php] include(TbHtml.php): failed to open stream: No such file or directory (C:\webserver\be\framework\YiiBase.php:427)
Stack trace:
#0 C:\webserver\be\protected\modules\en\views\layouts\column1.php(6): spl_autoload_call()
#1 C:\webserver\be\framework\web\CBaseController.php(126): require()
#2 C:\webserver\be\framework\web\CBaseController.php(95): DefaultController->renderInternal()
#3 C:\webserver\be\framework\web\CController.php(784): DefaultController->renderFile()
#4 C:\webserver\be\protected\modules\en\controllers\DefaultController.php(7): DefaultController->render()
#5 C:\webserver\be\framework\web\actions\CInlineAction.php(49): DefaultController->actionIndex()
#6 C:\webserver\be\framework\web\CController.php(308): CInlineAction->runWithParams()
#7 C:\webserver\be\framework\web\CController.php(286): DefaultController->runAction()
#8 C:\webserver\be\framework\web\CController.php(265): DefaultController->runActionWithFilters()
#9 C:\webserver\be\framework\web\CWebApplication.php(282): DefaultController->run()
#10 C:\webserver\be\framework\web\CWebApplication.php(141): CWebApplication->runController()
#11 C:\webserver\be\framework\base\CApplication.php(180): CWebApplication->processRequest()
#12 C:\webserver\be\index.php(13): CWebApplication->run()
REQUEST_URI=/index.php?r=en
in C:\webserver\be\protected\modules\en\views\layouts\column1.php (6)
in C:\webserver\be\protected\modules\en\controllers\DefaultController.php (7)
in C:\webserver\be\index.php (13)
2014/02/15 11:29:17 [error] [php] include(TbHtml.php): failed to open stream: No such file or directory (C:\webserver\be\framework\YiiBase.php:427)
Stack trace:
#0 C:\webserver\be\protected\modules\en\views\layouts\column1.php(6): spl_autoload_call()
#1 C:\webserver\be\framework\web\CBaseController.php(126): require()
#2 C:\webserver\be\framework\web\CBaseController.php(95): DefaultController->renderInternal()
#3 C:\webserver\be\framework\web\CController.php(784): DefaultController->renderFile()
#4 C:\webserver\be\protected\modules\en\controllers\DefaultController.php(7): DefaultController->render()
#5 C:\webserver\be\framework\web\actions\CInlineAction.php(49): DefaultController->actionIndex()
#6 C:\webserver\be\framework\web\CController.php(308): CInlineAction->runWithParams()
#7 C:\webserver\be\framework\web\CController.php(286): DefaultController->runAction()
#8 C:\webserver\be\framework\web\CController.php(265): DefaultController->runActionWithFilters()
#9 C:\webserver\be\framework\web\CWebApplication.php(282): DefaultController->run()
#10 C:\webserver\be\framework\web\CWebApplication.php(141): CWebApplication->runController()
#11 C:\webserver\be\framework\base\CApplication.php(180): CWebApplication->processRequest()
#12 C:\webserver\be\index.php(13): CWebApplication->run()
REQUEST_URI=/index.php?r=en
in C:\webserver\be\protected\modules\en\views\layouts\column1.php (6)
in C:\webserver\be\protected\modules\en\controllers\DefaultController.php (7)
in C:\webserver\be\index.php (13)
2014/02/15 11:31:17 [error] [php] include(TbHtml.php): failed to open stream: No such file or directory (C:\webserver\be\framework\YiiBase.php:427)
Stack trace:
#0 C:\webserver\be\protected\modules\en\views\layouts\column1.php(6): spl_autoload_call()
#1 C:\webserver\be\framework\web\CBaseController.php(126): require()
#2 C:\webserver\be\framework\web\CBaseController.php(95): DefaultController->renderInternal()
#3 C:\webserver\be\framework\web\CController.php(784): DefaultController->renderFile()
#4 C:\webserver\be\protected\modules\en\controllers\DefaultController.php(7): DefaultController->render()
#5 C:\webserver\be\framework\web\actions\CInlineAction.php(49): DefaultController->actionIndex()
#6 C:\webserver\be\framework\web\CController.php(308): CInlineAction->runWithParams()
#7 C:\webserver\be\framework\web\CController.php(286): DefaultController->runAction()
#8 C:\webserver\be\framework\web\CController.php(265): DefaultController->runActionWithFilters()
#9 C:\webserver\be\framework\web\CWebApplication.php(282): DefaultController->run()
#10 C:\webserver\be\framework\web\CWebApplication.php(141): CWebApplication->runController()
#11 C:\webserver\be\framework\base\CApplication.php(180): CWebApplication->processRequest()
#12 C:\webserver\be\index.php(13): CWebApplication->run()
REQUEST_URI=/index.php?r=en
in C:\webserver\be\protected\modules\en\views\layouts\column1.php (6)
in C:\webserver\be\protected\modules\en\controllers\DefaultController.php (7)
in C:\webserver\be\index.php (13)
2014/02/15 11:31:18 [error] [php] include(TbHtml.php): failed to open stream: No such file or directory (C:\webserver\be\framework\YiiBase.php:427)
Stack trace:
#0 C:\webserver\be\protected\modules\en\views\layouts\column1.php(6): spl_autoload_call()
#1 C:\webserver\be\framework\web\CBaseController.php(126): require()
#2 C:\webserver\be\framework\web\CBaseController.php(95): DefaultController->renderInternal()
#3 C:\webserver\be\framework\web\CController.php(784): DefaultController->renderFile()
#4 C:\webserver\be\protected\modules\en\controllers\DefaultController.php(7): DefaultController->render()
#5 C:\webserver\be\framework\web\actions\CInlineAction.php(49): DefaultController->actionIndex()
#6 C:\webserver\be\framework\web\CController.php(308): CInlineAction->runWithParams()
#7 C:\webserver\be\framework\web\CController.php(286): DefaultController->runAction()
#8 C:\webserver\be\framework\web\CController.php(265): DefaultController->runActionWithFilters()
#9 C:\webserver\be\framework\web\CWebApplication.php(282): DefaultController->run()
#10 C:\webserver\be\framework\web\CWebApplication.php(141): CWebApplication->runController()
#11 C:\webserver\be\framework\base\CApplication.php(180): CWebApplication->processRequest()
#12 C:\webserver\be\index.php(13): CWebApplication->run()
REQUEST_URI=/index.php?r=en
in C:\webserver\be\protected\modules\en\views\layouts\column1.php (6)
in C:\webserver\be\protected\modules\en\controllers\DefaultController.php (7)
in C:\webserver\be\index.php (13)
2014/02/15 11:44:46 [error] [php] include(TbArray.php): failed to open stream: No such file or directory (C:\webserver\be\framework\YiiBase.php:427)
Stack trace:
#0 C:\webserver\be\protected\extensions\bootstrap\helpers\TbHtml.php(2534): spl_autoload_call()
#1 C:\webserver\be\protected\extensions\bootstrap\helpers\TbHtml.php(2437): btn()
#2 C:\webserver\be\protected\modules\en\views\layouts\column1.php(9): submitButton()
#3 C:\webserver\be\framework\web\CBaseController.php(126): require()
#4 C:\webserver\be\framework\web\CBaseController.php(95): DefaultController->renderInternal()
#5 C:\webserver\be\framework\web\CController.php(784): DefaultController->renderFile()
#6 C:\webserver\be\protected\modules\en\controllers\DefaultController.php(7): DefaultController->render()
#7 C:\webserver\be\framework\web\actions\CInlineAction.php(49): DefaultController->actionIndex()
#8 C:\webserver\be\framework\web\CController.php(308): CInlineAction->runWithParams()
#9 C:\webserver\be\framework\web\CController.php(286): DefaultController->runAction()
#10 C:\webserver\be\framework\web\CController.php(265): DefaultController->runActionWithFilters()
#11 C:\webserver\be\framework\web\CWebApplication.php(282): DefaultController->run()
#12 C:\webserver\be\framework\web\CWebApplication.php(141): CWebApplication->runController()
#13 C:\webserver\be\framework\base\CApplication.php(180): CWebApplication->processRequest()
#14 C:\webserver\be\index.php(13): CWebApplication->run()
REQUEST_URI=/index.php?r=en
in C:\webserver\be\protected\extensions\bootstrap\helpers\TbHtml.php (2534)
in C:\webserver\be\protected\extensions\bootstrap\helpers\TbHtml.php (2437)
in C:\webserver\be\protected\modules\en\views\layouts\column1.php (9)
2014/02/15 11:50:35 [error] [php] include(TbArray.php): failed to open stream: No such file or directory (C:\webserver\be\framework\YiiBase.php:427)
Stack trace:
#0 C:\webserver\be\protected\extensions\bootstrap\helpers\TbHtml.php(2534): spl_autoload_call()
#1 C:\webserver\be\protected\extensions\bootstrap\helpers\TbHtml.php(2426): btn()
#2 C:\webserver\be\protected\extensions\bootstrap\helpers\TbHtml.php(2415): htmlButton()
#3 C:\webserver\be\protected\modules\en\views\default\index.php(11): button()
#4 C:\webserver\be\framework\web\CBaseController.php(126): require()
#5 C:\webserver\be\framework\web\CBaseController.php(95): DefaultController->renderInternal()
#6 C:\webserver\be\framework\web\CController.php(869): DefaultController->renderFile()
#7 C:\webserver\be\framework\web\CController.php(782): DefaultController->renderPartial()
#8 C:\webserver\be\protected\modules\en\controllers\DefaultController.php(7): DefaultController->render()
#9 C:\webserver\be\framework\web\actions\CInlineAction.php(49): DefaultController->actionIndex()
#10 C:\webserver\be\framework\web\CController.php(308): CInlineAction->runWithParams()
#11 C:\webserver\be\framework\web\CController.php(286): DefaultController->runAction()
#12 C:\webserver\be\framework\web\CController.php(265): DefaultController->runActionWithFilters()
#13 C:\webserver\be\framework\web\CWebApplication.php(282): DefaultController->run()
#14 C:\webserver\be\framework\web\CWebApplication.php(141): CWebApplication->runController()
#15 C:\webserver\be\framework\base\CApplication.php(180): CWebApplication->processRequest()
#16 C:\webserver\be\index.php(13): CWebApplication->run()
REQUEST_URI=/index.php?r=en
in C:\webserver\be\protected\extensions\bootstrap\helpers\TbHtml.php (2534)
in C:\webserver\be\protected\extensions\bootstrap\helpers\TbHtml.php (2426)
in C:\webserver\be\protected\extensions\bootstrap\helpers\TbHtml.php (2415)
2014/02/15 13:11:40 [error] [php] Undefined variable: model (C:\webserver\be\protected\modules\en\views\default\index.php:35)
Stack trace:
#0 C:\webserver\be\framework\web\CController.php(869): DefaultController->renderFile()
#1 C:\webserver\be\framework\web\CController.php(782): DefaultController->renderPartial()
#2 C:\webserver\be\protected\modules\en\controllers\DefaultController.php(7): DefaultController->render()
#3 C:\webserver\be\framework\web\actions\CInlineAction.php(49): DefaultController->actionIndex()
#4 C:\webserver\be\framework\web\CController.php(308): CInlineAction->runWithParams()
#5 C:\webserver\be\framework\web\CController.php(286): DefaultController->runAction()
#6 C:\webserver\be\framework\web\CController.php(265): DefaultController->runActionWithFilters()
#7 C:\webserver\be\framework\web\CWebApplication.php(282): DefaultController->run()
#8 C:\webserver\be\framework\web\CWebApplication.php(141): CWebApplication->runController()
#9 C:\webserver\be\framework\base\CApplication.php(180): CWebApplication->processRequest()
#10 C:\webserver\be\index.php(13): CWebApplication->run()
REQUEST_URI=/index.php?r=en
in C:\webserver\be\protected\modules\en\views\default\index.php (35)
in C:\webserver\be\protected\modules\en\controllers\DefaultController.php (7)
in C:\webserver\be\index.php (13)
2014/02/15 13:26:35 [error] [php] Undefined variable: model (C:\webserver\be\protected\modules\en\views\default\test.php:13)
Stack trace:
#0 C:\webserver\be\framework\web\CController.php(869): DefaultController->renderFile()
#1 C:\webserver\be\framework\web\CController.php(782): DefaultController->renderPartial()
#2 C:\webserver\be\protected\modules\en\controllers\DefaultController.php(14): DefaultController->render()
#3 C:\webserver\be\framework\web\actions\CInlineAction.php(49): DefaultController->actionTest()
#4 C:\webserver\be\framework\web\CController.php(308): CInlineAction->runWithParams()
#5 C:\webserver\be\framework\web\CController.php(286): DefaultController->runAction()
#6 C:\webserver\be\framework\web\CController.php(265): DefaultController->runActionWithFilters()
#7 C:\webserver\be\framework\web\CWebApplication.php(282): DefaultController->run()
#8 C:\webserver\be\framework\web\CWebApplication.php(141): CWebApplication->runController()
#9 C:\webserver\be\framework\base\CApplication.php(180): CWebApplication->processRequest()
#10 C:\webserver\be\index.php(13): CWebApplication->run()
REQUEST_URI=/index.php?r=en/default/test
in C:\webserver\be\protected\modules\en\views\default\test.php (13)
in C:\webserver\be\protected\modules\en\controllers\DefaultController.php (14)
in C:\webserver\be\index.php (13)
2014/02/15 13:27:15 [error] [php] Trying to get property of non-object (C:\webserver\be\protected\modules\en\views\default\test.php:15)
Stack trace:
#0 C:\webserver\be\framework\web\CController.php(869): DefaultController->renderFile()
#1 C:\webserver\be\framework\web\CController.php(782): DefaultController->renderPartial()
#2 C:\webserver\be\protected\modules\en\controllers\DefaultController.php(14): DefaultController->render()
#3 C:\webserver\be\framework\web\actions\CInlineAction.php(49): DefaultController->actionTest()
#4 C:\webserver\be\framework\web\CController.php(308): CInlineAction->runWithParams()
#5 C:\webserver\be\framework\web\CController.php(286): DefaultController->runAction()
#6 C:\webserver\be\framework\web\CController.php(265): DefaultController->runActionWithFilters()
#7 C:\webserver\be\framework\web\CWebApplication.php(282): DefaultController->run()
#8 C:\webserver\be\framework\web\CWebApplication.php(141): CWebApplication->runController()
#9 C:\webserver\be\framework\base\CApplication.php(180): CWebApplication->processRequest()
#10 C:\webserver\be\index.php(13): CWebApplication->run()
REQUEST_URI=/index.php?r=en/default/test
in C:\webserver\be\protected\modules\en\views\default\test.php (15)
in C:\webserver\be\protected\modules\en\controllers\DefaultController.php (14)
in C:\webserver\be\index.php (13)
2014/02/15 13:27:45 [error] [php] Trying to get property of non-object (C:\webserver\be\protected\modules\en\views\default\test.php:15)
Stack trace:
#0 C:\webserver\be\framework\web\CController.php(869): DefaultController->renderFile()
#1 C:\webserver\be\framework\web\CController.php(782): DefaultController->renderPartial()
#2 C:\webserver\be\protected\modules\en\controllers\DefaultController.php(14): DefaultController->render()
#3 C:\webserver\be\framework\web\actions\CInlineAction.php(49): DefaultController->actionTest()
#4 C:\webserver\be\framework\web\CController.php(308): CInlineAction->runWithParams()
#5 C:\webserver\be\framework\web\CController.php(286): DefaultController->runAction()
#6 C:\webserver\be\framework\web\CController.php(265): DefaultController->runActionWithFilters()
#7 C:\webserver\be\framework\web\CWebApplication.php(282): DefaultController->run()
#8 C:\webserver\be\framework\web\CWebApplication.php(141): CWebApplication->runController()
#9 C:\webserver\be\framework\base\CApplication.php(180): CWebApplication->processRequest()
#10 C:\webserver\be\index.php(13): CWebApplication->run()
REQUEST_URI=/index.php?r=en/default/test
in C:\webserver\be\protected\modules\en\views\default\test.php (15)
in C:\webserver\be\protected\modules\en\controllers\DefaultController.php (14)
in C:\webserver\be\index.php (13)
2014/02/15 13:28:11 [error] [php] Trying to get property of non-object (C:\webserver\be\protected\modules\en\views\default\test.php:15)
Stack trace:
#0 C:\webserver\be\framework\web\CController.php(869): DefaultController->renderFile()
#1 C:\webserver\be\framework\web\CController.php(782): DefaultController->renderPartial()
#2 C:\webserver\be\protected\modules\en\controllers\DefaultController.php(14): DefaultController->render()
#3 C:\webserver\be\framework\web\actions\CInlineAction.php(49): DefaultController->actionTest()
#4 C:\webserver\be\framework\web\CController.php(308): CInlineAction->runWithParams()
#5 C:\webserver\be\framework\web\CController.php(286): DefaultController->runAction()
#6 C:\webserver\be\framework\web\CController.php(265): DefaultController->runActionWithFilters()
#7 C:\webserver\be\framework\web\CWebApplication.php(282): DefaultController->run()
#8 C:\webserver\be\framework\web\CWebApplication.php(141): CWebApplication->runController()
#9 C:\webserver\be\framework\base\CApplication.php(180): CWebApplication->processRequest()
#10 C:\webserver\be\index.php(13): CWebApplication->run()
REQUEST_URI=/index.php?r=en/default/test
in C:\webserver\be\protected\modules\en\views\default\test.php (15)
in C:\webserver\be\protected\modules\en\controllers\DefaultController.php (14)
in C:\webserver\be\index.php (13)
2014/02/15 13:29:39 [error] [exception.CException] exception 'CException' with message 'Alias "ext.EDateRangePicker" is invalid. Make sure it points to an existing PHP file and the file is readable.' in C:\webserver\be\framework\YiiBase.php:322
Stack trace:
#0 C:\webserver\be\framework\web\CWidgetFactory.php(146): YiiBase::import('ext.EDateRangeP...', true)
#1 C:\webserver\be\framework\web\CBaseController.php(146): CWidgetFactory->createWidget(Object(DefaultController), 'ext.EDateRangeP...', Array)
#2 C:\webserver\be\framework\web\CBaseController.php(172): CBaseController->createWidget('ext.EDateRangeP...', Array)
#3 C:\webserver\be\protected\modules\en\views\default\test.php(18): CBaseController->widget('ext.EDateRangeP...', Array)
#4 C:\webserver\be\framework\web\CBaseController.php(126): require('C:\webserver\be...')
#5 C:\webserver\be\framework\web\CBaseController.php(95): CBaseController->renderInternal('C:\webserver\be...', NULL, true)
#6 C:\webserver\be\framework\web\CController.php(869): CBaseController->renderFile('C:\webserver\be...', NULL, true)
#7 C:\webserver\be\framework\web\CController.php(782): CController->renderPartial('test', NULL, true)
#8 C:\webserver\be\protected\modules\en\controllers\DefaultController.php(14): CController->render('test')
#9 C:\webserver\be\framework\web\actions\CInlineAction.php(49): DefaultController->actionTest()
#10 C:\webserver\be\framework\web\CController.php(308): CInlineAction->runWithParams(Array)
#11 C:\webserver\be\framework\web\CController.php(286): CController->runAction(Object(CInlineAction))
#12 C:\webserver\be\framework\web\CController.php(265): CController->runActionWithFilters(Object(CInlineAction), Array)
#13 C:\webserver\be\framework\web\CWebApplication.php(282): CController->run('test')
#14 C:\webserver\be\framework\web\CWebApplication.php(141): CWebApplication->runController('en/default/test')
#15 C:\webserver\be\framework\base\CApplication.php(180): CWebApplication->processRequest()
#16 C:\webserver\be\index.php(13): CApplication->run()
#17 {main}
REQUEST_URI=/index.php?r=en/default/test
---
2014/02/15 13:38:26 [error] [exception.CException] exception 'CException' with message 'Alias "yiiwheels.widgets.daterangepicker.WhDateRangePicker" is invalid. Make sure it points to an existing directory or file.' in C:\webserver\be\framework\YiiBase.php:347
Stack trace:
#0 C:\webserver\be\framework\web\CWidgetFactory.php(146): YiiBase::import('yiiwheels.widge...', true)
#1 C:\webserver\be\framework\web\CBaseController.php(146): CWidgetFactory->createWidget(Object(DefaultController), 'yiiwheels.widge...', Array)
#2 C:\webserver\be\framework\web\CBaseController.php(172): CBaseController->createWidget('yiiwheels.widge...', Array)
#3 C:\webserver\be\protected\modules\en\views\default\test.php(20): CBaseController->widget('yiiwheels.widge...', Array)
#4 C:\webserver\be\framework\web\CBaseController.php(126): require('C:\webserver\be...')
#5 C:\webserver\be\framework\web\CBaseController.php(95): CBaseController->renderInternal('C:\webserver\be...', NULL, true)
#6 C:\webserver\be\framework\web\CController.php(869): CBaseController->renderFile('C:\webserver\be...', NULL, true)
#7 C:\webserver\be\framework\web\CController.php(782): CController->renderPartial('test', NULL, true)
#8 C:\webserver\be\protected\modules\en\controllers\DefaultController.php(14): CController->render('test')
#9 C:\webserver\be\framework\web\actions\CInlineAction.php(49): DefaultController->actionTest()
#10 C:\webserver\be\framework\web\CController.php(308): CInlineAction->runWithParams(Array)
#11 C:\webserver\be\framework\web\CController.php(286): CController->runAction(Object(CInlineAction))
#12 C:\webserver\be\framework\web\CController.php(265): CController->runActionWithFilters(Object(CInlineAction), Array)
#13 C:\webserver\be\framework\web\CWebApplication.php(282): CController->run('test')
#14 C:\webserver\be\framework\web\CWebApplication.php(141): CWebApplication->runController('en/default/test')
#15 C:\webserver\be\framework\base\CApplication.php(180): CWebApplication->processRequest()
#16 C:\webserver\be\index.php(13): CApplication->run()
#17 {main}
REQUEST_URI=/index.php?r=en/default/test
---
